


          SolidWorks Corporation - STEP Processor Error Log
          ______________________________________________________

                       STEP Post Processor
                       ___________________


STEP File Name: E:\facu\monorepositorio\telecomunicaciones 2 año\Gestion-de-Recursos-Hidricos\C prototipo\Extructura 3D\DS3231 RTC.step


#27385: Ring edge, vertex snapped onto curve
#39186: Ring edge, vertex snapped onto curve
#39197: Ring edge, vertex snapped onto curve
#39208: Ring edge, vertex snapped onto curve
#39219: Ring edge, vertex snapped onto curve
#39230: Ring edge, vertex snapped onto curve
#39241: Ring edge, vertex snapped onto curve
#51845: Ring edge, vertex snapped onto curve
#51845: Ring edge, vertex snapped onto curve
#51887: Ring edge, vertex snapped onto curve
#51887: Ring edge, vertex snapped onto curve
#51939: Ring edge, vertex snapped onto curve
#51939: Ring edge, vertex snapped onto curve
#51981: Ring edge, vertex snapped onto curve
#51981: Ring edge, vertex snapped onto curve
#52033: Ring edge, vertex snapped onto curve
#52033: Ring edge, vertex snapped onto curve
#52075: Ring edge, vertex snapped onto curve
#52075: Ring edge, vertex snapped onto curve
#52127: Ring edge, vertex snapped onto curve
#52127: Ring edge, vertex snapped onto curve
#52169: Ring edge, vertex snapped onto curve
#52169: Ring edge, vertex snapped onto curve
#27385: Ring edge, vertex snapped onto curve
#52422: Ring edge, vertex snapped onto curve
#52422: Ring edge, vertex snapped onto curve
#39186: Ring edge, vertex snapped onto curve
#39197: Ring edge, vertex snapped onto curve
#39208: Ring edge, vertex snapped onto curve
#39219: Ring edge, vertex snapped onto curve
#39230: Ring edge, vertex snapped onto curve
#39241: Ring edge, vertex snapped onto curve
Las superficies se procesaron satisfactoriamente
para formar el sólido.
STEP: la importación se ha completado.
Error: No se puede crear un sólido de superficies
recortadas.
STEP: la importación no se ha completado satisfactoriamente.
Las superficies se procesaron satisfactoriamente
para formar el sólido.
STEP: la importación se ha completado.
Error: No se puede crear un sólido de superficies
recortadas.
STEP: la importación no se ha completado satisfactoriamente.
Las superficies se procesaron satisfactoriamente
para formar el sólido.
STEP: la importación se ha completado.Las superficies se procesaron satisfactoriamente
para formar el sólido.
STEP: la importación se ha completado.